<?xml version="1.0" encoding="UTF-8"?>
<!-- Generated by org.testng.reporters.JUnitXMLReporter -->
<testsuite hostname="BADBA02-E7250" ignored="0" name="hub spot regression Test" tests="3" failures="1" timestamp="21 May 2019 09:04:31 GMT" time="60.989" errors="0">
  <testcase name="verifyLoginPageTitleTest" time="0.066" classname="com.qa.hubspot.tests.LoginTest">
    <failure type="java.lang.AssertionError" message="login page title is not correct expected [HubSpot Login321] but found [HubSpot Login]">
      <![CDATA[java.lang.AssertionError: login page title is not correct expected [HubSpot Login321] but found [HubSpot Login]
at com.qa.hubspot.tests.LoginTest.verifyLoginPageTitleTest(LoginTest.java:41)
at java.util.concurrent.ThreadPoolExecutor.runWorker(Unknown Source)
at java.util.concurrent.ThreadPoolExecutor$Worker.run(Unknown Source)
at java.lang.Thread.run(Unknown Source)
... Removed 15 stack frames]]>
    </failure>
  </testcase> <!-- verifyLoginPageTitleTest -->
  <testcase name="verifySignUpLinkTest" time="0.117" classname="com.qa.hubspot.tests.LoginTest"/>
  <testcase name="loginTest" time="1.167" classname="com.qa.hubspot.tests.LoginTest"/>
</testsuite> <!-- hub spot regression Test -->
